"../../../Engine/Content/EngineMaterials/T_Default_Material_Grid_N.uasset" 0
"../../../Engine/Content/EngineMaterials/T_Default_Material_Grid_M.uasset" 1
"../../../Engine/Content/Functions/Engine_MaterialFunctions01/Opacity/CameraDepthFade.uasset" 2
"../../../Engine/Content/EngineMaterials/WorldGridMaterial.uasset" 3
"../../../Engine/Content/ArtTools/RenderToTexture/Meshes/S_1_Unit_Plane.uasset" 4
"../../../Engine/Content/EngineMaterials/DefaultMaterial.uasset" 5
"../../../Engine/Content/BasicShapes/Cone.uasset" 6
"../../../Engine/Content/EditorLandscapeResources/DataLayer.uasset" 7
"../../../Engine/Content/EditorLandscapeResources/DefaultAlphaTexture.uasset" 8
"../../../Engine/Content/EditorMaterials/MAT_Groups_Toggle.uasset" 9
"../../../Engine/Content/EditorMaterials/MAT_Groups_Visibility.uasset" 10
"../../../Engine/Content/EditorMaterials/PreviewShadowIndicator.uasset" 11
"../../../Engine/Content/EditorMaterials/PreviewShadowIndicatorMaterial.uasset" 12
"../../../Engine/Content/EditorMaterials/MatineeGroups/MAT_ColorTrack.uasset" 13
"../../../Engine/Content/EditorMaterials/MatineeGroups/MAT_Groups_Anim.uasset" 14
"../../../Engine/Content/EditorMaterials/MatineeGroups/MAT_Groups_AudioMaster.uasset" 15
"../../../Engine/Content/EditorMaterials/MatineeGroups/MAT_Groups_Director.uasset" 16
"../../../Engine/Content/EditorMaterials/MatineeGroups/MAT_Groups_Event.uasset" 17
"../../../Engine/Content/EditorMaterials/MatineeGroups/MAT_Groups_Fade.uasset" 18
"../../../Engine/Content/EditorMaterials/MatineeGroups/MAT_Groups_Float.uasset" 19
"../../../Engine/Content/EditorMaterials/MatineeGroups/MAT_Groups_Move.uasset" 20
"../../../Engine/Content/EditorMaterials/MatineeGroups/MAT_Groups_Slomo.uasset" 21
"../../../Engine/Content/EditorMaterials/MatineeGroups/MAT_Groups_Sound.uasset" 22
"../../../Engine/Content/EditorMaterials/MatineeGroups/MAT_Groups_Vector.uasset" 23
"../../../Engine/Content/EditorMaterials/ParticleSystems/PSysThumbnail_NoImage.uasset" 24
"../../../Engine/Content/EditorMaterials/ParticleSystems/PSysThumbnail_OOD.uasset" 25
"../../../Engine/Content/EditorMaterials/Camera/CineMat.uasset" 26
"../../../Engine/Content/EditorMaterials/Camera/MI_CineMat_Rig.uasset" 27
"../../../Engine/Content/EditorMeshes/Camera/SM_CraneRig_Arm.uasset" 28
"../../../Engine/Content/EditorMeshes/Camera/SM_CraneRig_Base.uasset" 29
"../../../Engine/Content/EditorMeshes/Camera/SM_CraneRig_Body.uasset" 30
"../../../Engine/Content/EditorMeshes/Camera/SM_CraneRig_Mount.uasset" 31
"../../../Engine/Content/EditorMeshes/Camera/SM_RailRig_Mount.uasset" 32
"../../../Engine/Content/EditorMeshes/Camera/SM_RailRig_Track.uasset" 33
"../../../Engine/Content/EditorResources/BSPVertex.uasset" 34
"../../../Engine/Content/EditorResources/EmptyActor.uasset" 35
"../../../Engine/Content/EditorResources/S_Actor.uasset" 36
"../../../Engine/Content/EditorResources/S_Note.uasset" 37
"../../../Engine/Content/EditorResources/S_Solver.uasset" 38
"../../../Engine/Content/EditorResources/S_Terrain.uasset" 39
"../../../Engine/Content/EditorResources/S_Trigger.uasset" 40
"../../../Engine/Content/EditorResources/LightIcons/S_LightError.uasset" 41
"../../../Engine/Content/EditorResources/SequenceRecorder/Countdown.uasset" 42
"../../../Engine/Content/EditorResources/SequenceRecorder/RecordingIndicator.uasset" 43
"../../../Engine/Content/EngineDamageTypes/DmgTypeBP_Environmental.uasset" 44
"../../../Engine/Content/EngineDebugMaterials/DebugEditorMaterial.uasset" 45
"../../../Engine/Content/EngineDebugMaterials/DebugMeshMaterial.uasset" 46
"../../../Engine/Content/EngineDebugMaterials/M_SimpleUnlitTranslucent.uasset" 47
"../../../Engine/Content/EngineDebugMaterials/VolumeToRender.uasset" 48
"../../../Engine/Content/Functions/Engine_MaterialFunctions02/Utility/CameraDirectionVector.uasset" 49
"../../../Engine/Content/EngineDebugMaterials/M_VolumeRenderSphereTracePP.uasset" 50
"../../../Engine/Content/EngineDebugMaterials/WireframeMaterial.uasset" 51
"../../../Engine/Content/EngineFonts/Faces/RobotoRegular.uasset" 52
"../../../Engine/Content/EngineFonts/Faces/RobotoLight.uasset" 53
"../../../Engine/Content/EngineFonts/Faces/RobotoItalic.uasset" 54
"../../../Engine/Content/EngineFonts/Faces/RobotoBoldItalic.uasset" 55
"../../../Engine/Content/EngineFonts/Faces/RobotoBold.uasset" 56
"../../../Engine/Content/EngineFonts/Faces/DroidSansFallback.uasset" 57
"../../../Engine/Content/EngineFonts/Roboto.uasset" 58
"../../../Engine/Content/EngineMaterials/BaseFlattenNormalMap.uasset" 59
"../../../Engine/Content/EngineMaterials/BaseFlattenGrayscaleMap.uasset" 60
"../../../Engine/Content/EngineMaterials/BaseFlattenEmissiveMap.uasset" 61
"../../../Engine/Content/EngineMaterials/BaseFlattenDiffuseMap.uasset" 62
"../../../Engine/Content/EngineMaterials/BaseFlattenMaterial.uasset" 63
"../../../Engine/Content/EngineMaterials/BlueNoise.uasset" 64
"../../../Engine/Content/EngineMaterials/DefaultBloomKernel.uasset" 65
"../../../Engine/Content/EngineMaterials/DefaultBokeh.uasset" 66
"../../../Engine/Content/EngineMaterials/DefaultDiffuse.uasset" 67
"../../../Engine/Content/EngineMaterials/DefaultDeferredDecalMaterial.uasset" 68
"../../../Engine/Content/EngineMaterials/DefaultLightFunctionMaterial.uasset" 69
"../../../Engine/Content/EngineMaterials/DefaultPhysicalMaterial.uasset" 70
"../../../Engine/Content/Functions/Engine_MaterialFunctions02/Utility/BreakOutFloat2Components.uasset" 71
"../../../Engine/Content/EngineMaterials/DefaultPostProcessMaterial.uasset" 72
"../../../Engine/Content/EngineFonts/RobotoDistanceField.uasset" 73
"../../../Engine/Content/EngineMaterials/DefaultTextMaterialOpaque.uasset" 74
"../../../Engine/Content/EngineMaterials/DefaultWhiteGrid.uasset" 75
"../../../Engine/Content/EngineMaterials/DefaultWhiteGrid_Low.uasset" 76
"../../../Engine/Content/EngineMaterials/EmissiveMeshMaterial.uasset" 77
"../../../Engine/Content/EngineMaterials/GizmoMaterial.uasset" 78
"../../../Engine/Content/EngineMaterials/Good64x64TilingNoiseHighFreq.uasset" 79
"../../../Engine/Content/EngineMaterials/MiniFont.uasset" 80
"../../../Engine/Content/EngineMaterials/InvalidLightmapSettings.uasset" 81
"../../../Engine/Content/EngineMaterials/M_InvalidLightmapSettings.uasset" 82
"../../../Engine/Content/Functions/Engine_MaterialFunctions02/WorldPositionOffset/CameraOffset.uasset" 83
"../../../Engine/Content/EngineMaterials/PhAT_JointLimitMaterial.uasset" 84
"../../../Engine/Content/EngineMaterials/PreintegratedSkinBRDF.uasset" 85
"../../../Engine/Content/EngineMaterials/RemoveSurfaceMaterial.uasset" 86
"../../../Engine/Content/EngineMaterials/WeightMapPlaceholderTexture.uasset" 87
"../../../Engine/Content/EngineResources/WhiteSquareTexture.uasset" 88
"../../../Engine/Content/EngineMaterials/Widget3DPassThrough.uasset" 89
"../../../Engine/Content/EngineMaterials/Widget3DPassThrough_Masked.uasset" 90
"../../../Engine/Content/EngineMaterials/Widget3DPassThrough_Opaque.uasset" 91
"../../../Engine/Content/EngineMaterials/Widget3DPassThrough_Masked_OneSided.uasset" 92
"../../../Engine/Content/EngineMaterials/Widget3DPassThrough_Opaque_OneSided.uasset" 93
"../../../Engine/Content/EngineMaterials/Widget3DPassThrough_Translucent.uasset" 94
"../../../Engine/Content/EngineMaterials/Widget3DPassThrough_Translucent_OneSided.uasset" 95
"../../../Engine/Content/EngineMeshes/Cylinder.uasset" 96
"../../../Engine/Content/EngineMeshes/Sphere.uasset" 97
"../../../Engine/Content/EngineResources/Black.uasset" 98
"../../../Engine/Content/EngineResources/DefaultTextureCube.uasset" 99
"../../../Engine/Content/EngineResources/DefaultVolumeTexture2D.uasset" 100
"../../../Engine/Content/EngineResources/DefaultVolumeTexture.uasset" 101
"../../../Engine/Content/EngineResources/GradientTexture0.uasset" 102
"../../../Engine/Content/EngineSky/VolumetricClouds/T_NoiseShape64.uasset" 103
"../../../Engine/Content/EngineSky/VolumetricClouds/T_VolumeNoiseShape64.uasset" 104
"../../../Engine/Content/EngineSky/VolumetricClouds/T_NoiseErosion.uasset" 105
"../../../Engine/Content/EngineSky/VolumetricClouds/T_VolumeNoiseErosion32.uasset" 106
"../../../Engine/Content/EngineSky/VolumetricClouds/CloudWeatherTexture.uasset" 107
"../../../Engine/Content/EngineSky/VolumetricClouds/CloudGradientTexture.uasset" 108
"../../../Engine/Content/Functions/Engine_MaterialFunctions02/Utility/MakeFloat2.uasset" 109
"../../../Engine/Content/EngineSky/VolumetricClouds/m_SimpleVolumetricCloud.uasset" 110
"../../../Engine/Content/EngineSky/VolumetricClouds/m_SimpleVolumetricCloud_Inst.uasset" 111
"../../../Engine/Content/EngineSounds/Master.uasset" 112
"../../../Engine/Content/Functions/Engine_MaterialFunctions01/Shading/PowerToRoughness.uasset" 113
"../../../Engine/Content/Maps/Templates/Thumbnails/Default.uasset" 114
"../../../Engine/Content/Maps/Templates/Thumbnails/TimeOfDay.uasset" 115
"../../../Engine/Content/Maps/Templates/Thumbnails/VR-Basic.uasset" 116
"../../../Engine/Content/MobileResources/T_MobileControls_texture.uasset" 117
"../../../Engine/Content/MobileResources/T_MobileMenu2.uasset" 118
"../../../Engine/Content/MobileResources/HUD/AnalogHat.uasset" 119
"../../../Engine/Content/MobileResources/HUD/VirtualJoystick_Thumb.uasset" 120
"../../../Engine/Content/MobileResources/HUD/VirtualJoystick_Background.uasset" 121
"../../../Engine/Content/MobileResources/HUD/DefaultVirtualJoysticks.uasset" 122
"../../../Engine/Content/MobileResources/HUD/LeftVirtualJoystickOnly.uasset" 123
"../../../Engine/Content/MobileResources/HUD/MobileHUDButton1_off.uasset" 124
"../../../Engine/Content/MobileResources/HUD/MobileHUDButton1_on.uasset" 125
"../../../Engine/Content/MobileResources/HUD/MobileHUDButton2_off.uasset" 126
"../../../Engine/Content/MobileResources/HUD/MobileHUDButton2_on.uasset" 127
"../../../Engine/Content/MobileResources/HUD/MobileHUDButton3.uasset" 128
"../../../Engine/Content/MobileResources/HUD/MobileHUDButtonFire.uasset" 129
"../../../Engine/Content/MobileResources/HUD/MobileHUDDirectionPad.uasset" 130
"../../../Engine/Content/MobileResources/HUD/MobileHUDDirectionPad2.uasset" 131
"../../../Engine/Content/MobileResources/HUD/MobileHUDDirectionPad3.uasset" 132
"../../../Engine/Content/MobileResources/HUD/MobileHUDDirectionStick.uasset" 133
"../../../Engine/Content/MobileResources/HUD/T_Castle_ThumbstickInner.uasset" 134
"../../../Engine/Content/MobileResources/HUD/T_Castle_ThumbstickOutter.uasset" 135
"../../../Engine/Content/Tutorial/ContentIntroCurve.uasset" 136
"../../../Engine/Content/Tutorial/Basics/LevelEditorAttract.uasset" 137
"../../../Engine/Content/Tutorial/Basics/TutorialAssets/icon_tab_Levels_40x.uasset" 138
"../../../Engine/Content/Tutorial/Basics/LevelEditorOverview.uasset" 139
"../../../Engine/Content/VREditor/TransformGizmo/TranslucentTransformGizmoMaterial.uasset" 140
"../../../Engine/Content/VREditor/LaserPointer/VR_LaserPower_01.uasset" 141
"../../../Engine/Content/VREditor/TransformGizmo/TransformGizmoMaterial.uasset" 142
"../../../Engine/Content/VREditor/TransformGizmo/BoundingBoxCorner.uasset" 143
"../../../Engine/Content/VREditor/TransformGizmo/BoundingBoxEdge.uasset" 144
"../../../Engine/Content/VREditor/TransformGizmo/PlaneTranslationHandle.uasset" 145
"../../../Engine/Content/VREditor/TransformGizmo/Xray.uasset" 146
"../../../Engine/Content/VREditor/TransformGizmo/Main.uasset" 147
"../../../Engine/Content/VREditor/TransformGizmo/SM_Sequencer_Key.uasset" 148
"../../../Engine/Content/VREditor/TransformGizmo/SM_Sequencer_Node.uasset" 149
"../../Plugins/2D/Paper2D/Content/PlaceholderTextures/DummySpriteTexture.uasset" 150
"../../Plugins/2D/Paper2D/Content/DummySprite.uasset" 151
"../../Plugins/2D/Paper2D/Content/DefaultPaperTerrainMaterial.uasset" 152
"../../Plugins/2D/Paper2D/Content/DefaultSpriteMaterial.uasset" 153
"../../Plugins/2D/Paper2D/Content/MaskedUnlitSpriteMaterial.uasset" 154
"../../Plugins/2D/Paper2D/Content/OpaqueUnlitSpriteMaterial.uasset" 155
"../../../Engine/Content/Functions/Engine_MaterialFunctions02/Utility/BreakOutFloat3Components.uasset" 156
"../../Plugins/Editor/SpeedTreeImporter/Content/SpeedTree9/UnpackInteger3.uasset" 157
"../../Plugins/Editor/SpeedTreeImporter/Content/SpeedTree9/UnpackDirection.uasset" 158
"../../Plugins/Editor/SpeedTreeImporter/Content/SpeedTree9/game_wind_noise.uasset" 159
"../../../Engine/Content/Functions/Engine_MaterialFunctions02/SafeNormalize.uasset" 160
"../../Plugins/Editor/SpeedTreeImporter/Content/SpeedTree9/SpeedTreeWindMotion.uasset" 161
"../../Plugins/Editor/SpeedTreeImporter/Content/SpeedTree9/SpeedTreeBranchMotion.uasset" 162
"../../../Engine/Content/Functions/Engine_MaterialFunctions02/ObjectLocalBounds.uasset" 163
"../../../Engine/Content/Functions/Engine_MaterialFunctions02/UVs/BoundingBoxBased_0-1_UVW.uasset" 164
"../../Plugins/Editor/SpeedTreeImporter/Content/SpeedTree9/SpeedTreeWind.uasset" 165
"../../Plugins/Editor/SpeedTreeImporter/Content/SpeedTree9/SpeedTreeBillboard.uasset" 166
"../../../Engine/Content/EngineResources/DefaultTexture.uasset" 167
"../../Plugins/Editor/SpeedTreeImporter/Content/SpeedTree9/SpeedTreeBillboardMaster.uasset" 168
"../../Plugins/Editor/SpeedTreeImporter/Content/SpeedTree9/SpeedTreeCameraFacing.uasset" 169
"../../Plugins/Editor/SpeedTreeImporter/Content/SpeedTree9/SpeedTreeMaster.uasset" 170
"../../../Engine/Content/BasicShapes/Cylinder.uasset" 171
"../../../Engine/Content/ArtTools/RenderToTexture/Materials/Debug/M_Emissive_Color.uasset" 172
"../../Plugins/Lumin/MagicLeapPassableWorld/Content/MagicLeapARPinInfoActor.uasset" 173
"../../../Engine/Content/Functions/Engine_MaterialFunctions02/Utility/BreakOutFloat4Components.uasset" 174
"../../../Engine/Content/Functions/Engine_MaterialFunctions02/Utility/MakeFloat3.uasset" 175
"../../Plugins/Runtime/Oculus/OculusVR/Content/Materials/OculusMR_ChromaKey.uasset" 176
"../../Plugins/Runtime/Oculus/OculusVR/Content/Materials/OculusMR_OpaqueColoredMaterial.uasset" 177
"../../Plugins/Runtime/Oculus/OculusVR/Content/Materials/PokeAHoleMaterial.uasset" 178
"../../../Engine/Content/BasicShapes/Plane.uasset" 179
"../../../Engine/Content/BasicShapes/Cube.uasset" 180
"../../../../../Users/wjmzb/Documents/Unreal Projects/EpicMGJ21_Zbordek/Content/Materials/ZZTEX_Transparent.uasset" 181
"../../../../../Users/wjmzb/Documents/Unreal Projects/EpicMGJ21_Zbordek/Content/Materials/Transparent_Mat.uasset" 182
"../../../../../Users/wjmzb/Documents/Unreal Projects/EpicMGJ21_Zbordek/Content/Materials/ZZTex_HudGame.uasset" 183
"../../../../../Users/wjmzb/Documents/Unreal Projects/EpicMGJ21_Zbordek/Content/Materials/HUD_Game_Mat.uasset" 184
"../../../../../Users/wjmzb/Documents/Unreal Projects/EpicMGJ21_Zbordek/Content/Materials/Backgrounds/ZZTEX_ZbordekOS_BG.uasset" 185
"../../../../../Users/wjmzb/Documents/Unreal Projects/EpicMGJ21_Zbordek/Content/Materials/Backgrounds/ZbordekOS_BG_Mat.uasset" 186
"../../../Engine/Content/Functions/Engine_MaterialFunctions01/Shading/ConvertFromDiffSpec.uasset" 187
"../../../Engine/Content/EngineDebugMaterials/VertexColorMaterial.uasset" 188
"../../../../../Users/wjmzb/Documents/Unreal Projects/EpicMGJ21_Zbordek/Content/Maps/Level_BuiltData.uasset" 189
"../../../Engine/Content/BasicShapes/Sphere.uasset" 190
"../../../../../Users/wjmzb/Documents/Unreal Projects/EpicMGJ21_Zbordek/Content/Blueprints/CursorSelect_Blueprint.uasset" 191
"../../../../../Users/wjmzb/Documents/Unreal Projects/EpicMGJ21_Zbordek/Content/Materials/Backgrounds/ZZTEX_ZbordekOS_User.uasset" 192
"../../../../../Users/wjmzb/Documents/Unreal Projects/EpicMGJ21_Zbordek/Content/Materials/Backgrounds/ZbordekOS_Computer_Mat.uasset" 193
"../../../../../Users/wjmzb/Documents/Unreal Projects/EpicMGJ21_Zbordek/Content/Blueprints/InGame/UserFiles_BP.uasset" 194
"../../../Engine/Content/EngineDebugMaterials/BlackUnlitMaterial.uasset" 195
"../../../../../Users/wjmzb/Documents/Unreal Projects/EpicMGJ21_Zbordek/Content/Blueprints/InGame/SkipIntro_BP.uasset" 196
"../../../../../Users/wjmzb/Documents/Unreal Projects/EpicMGJ21_Zbordek/Content/Audios/Ok.uasset" 197
"../../../../../Users/wjmzb/Documents/Unreal Projects/EpicMGJ21_Zbordek/Content/Audios/SpaceEater.uasset" 198
"../../../../../Users/wjmzb/Documents/Unreal Projects/EpicMGJ21_Zbordek/Content/Audios/SpaceEaterBGMenu.uasset" 199
"../../../../../Users/wjmzb/Documents/Unreal Projects/EpicMGJ21_Zbordek/Content/Audios/SPAMM.uasset" 200
"../../../../../Users/wjmzb/Documents/Unreal Projects/EpicMGJ21_Zbordek/Content/Materials/CursorTexture.uasset" 201
"../../../../../Users/wjmzb/Documents/Unreal Projects/EpicMGJ21_Zbordek/Content/Meshes/Cursor.uasset" 202
"../../../../../Users/wjmzb/Documents/Unreal Projects/EpicMGJ21_Zbordek/Content/Blueprints/SpaceEater_Pawn.uasset" 203
"../../../../../Users/wjmzb/Documents/Unreal Projects/EpicMGJ21_Zbordek/Content/Blueprints/SpaceEater_Ginstance.uasset" 204
"../../../../../Users/wjmzb/Documents/Unreal Projects/EpicMGJ21_Zbordek/Content/Materials/Backgrounds/ZZTEX_ZbordekOS_Sub.uasset" 205
"../../../../../Users/wjmzb/Documents/Unreal Projects/EpicMGJ21_Zbordek/Content/Materials/Backgrounds/ZbordekOS_Sub.uasset" 206
"../../../../../Users/wjmzb/Documents/Unreal Projects/EpicMGJ21_Zbordek/Content/Blueprints/InGame/SubNotifi.uasset" 207
"../../../../../Users/wjmzb/Documents/Unreal Projects/EpicMGJ21_Zbordek/Content/Materials/Backgrounds/ZZTEX_ZbordekOS_Bin.uasset" 208
"../../../../../Users/wjmzb/Documents/Unreal Projects/EpicMGJ21_Zbordek/Content/Materials/Backgrounds/ZbordekOS_Bin_Mat.uasset" 209
"../../../../../Users/wjmzb/Documents/Unreal Projects/EpicMGJ21_Zbordek/Content/Blueprints/InGame/RecycleBin.uasset" 210
"../../../../../Users/wjmzb/Documents/Unreal Projects/EpicMGJ21_Zbordek/Content/Materials/Backgrounds/ZZTEX_ZbordekOS_Folder.uasset" 211
"../../../../../Users/wjmzb/Documents/Unreal Projects/EpicMGJ21_Zbordek/Content/Materials/Backgrounds/ZbordekOS_Folder_Mat.uasset" 212
"../../../../../Users/wjmzb/Documents/Unreal Projects/EpicMGJ21_Zbordek/Content/Blueprints/InGame/Folder_Videos.uasset" 213
"../../../../../Users/wjmzb/Documents/Unreal Projects/EpicMGJ21_Zbordek/Content/Blueprints/InGame/Folder_Photos.uasset" 214
"../../../../../Users/wjmzb/Documents/Unreal Projects/EpicMGJ21_Zbordek/Content/Blueprints/InGame/Folder_Music.uasset" 215
"../../../../../Users/wjmzb/Documents/Unreal Projects/EpicMGJ21_Zbordek/Content/Blueprints/InGame/Folder_Games.uasset" 216
"../../../../../Users/wjmzb/Documents/Unreal Projects/EpicMGJ21_Zbordek/Content/Blueprints/InGame/Folder_Documents.uasset" 217
"../../../Engine/Content/EditorBlueprintResources/StandardMacros.uasset" 218
"../../../../../Users/wjmzb/Documents/Unreal Projects/EpicMGJ21_Zbordek/Content/Materials/Icons/Vir_Vid.uasset" 219
"../../../../../Users/wjmzb/Documents/Unreal Projects/EpicMGJ21_Zbordek/Content/Materials/Icons/Vir_Vid_Mat.uasset" 220
"../../../../../Users/wjmzb/Documents/Unreal Projects/EpicMGJ21_Zbordek/Content/Blueprints/Buttons/Video_VIR.uasset" 221
"../../../../../Users/wjmzb/Documents/Unreal Projects/EpicMGJ21_Zbordek/Content/Materials/Icons/Nor_Vid.uasset" 222
"../../../../../Users/wjmzb/Documents/Unreal Projects/EpicMGJ21_Zbordek/Content/Materials/Icons/Nor_Vid_Mat.uasset" 223
"../../../../../Users/wjmzb/Documents/Unreal Projects/EpicMGJ21_Zbordek/Content/Blueprints/Buttons/Video_Clean.uasset" 224
"../../../../../Users/wjmzb/Documents/Unreal Projects/EpicMGJ21_Zbordek/Content/Materials/Icons/Vir_Phot.uasset" 225
"../../../../../Users/wjmzb/Documents/Unreal Projects/EpicMGJ21_Zbordek/Content/Materials/Icons/Vir_Phot_Mat.uasset" 226
"../../../../../Users/wjmzb/Documents/Unreal Projects/EpicMGJ21_Zbordek/Content/Blueprints/Buttons/Photo_VIR.uasset" 227
"../../../../../Users/wjmzb/Documents/Unreal Projects/EpicMGJ21_Zbordek/Content/Materials/Icons/Nor_Phot.uasset" 228
"../../../../../Users/wjmzb/Documents/Unreal Projects/EpicMGJ21_Zbordek/Content/Materials/Icons/Nor_Phot_Mat.uasset" 229
"../../../../../Users/wjmzb/Documents/Unreal Projects/EpicMGJ21_Zbordek/Content/Blueprints/Buttons/Photo_Clean.uasset" 230
"../../../../../Users/wjmzb/Documents/Unreal Projects/EpicMGJ21_Zbordek/Content/Materials/Icons/Vir_Mus.uasset" 231
"../../../../../Users/wjmzb/Documents/Unreal Projects/EpicMGJ21_Zbordek/Content/Materials/Icons/Vir_Mus_Mat.uasset" 232
"../../../../../Users/wjmzb/Documents/Unreal Projects/EpicMGJ21_Zbordek/Content/Blueprints/Buttons/Music_VIR.uasset" 233
"../../../../../Users/wjmzb/Documents/Unreal Projects/EpicMGJ21_Zbordek/Content/Materials/Icons/Nor_Mus.uasset" 234
"../../../../../Users/wjmzb/Documents/Unreal Projects/EpicMGJ21_Zbordek/Content/Materials/Icons/Nor_Mus_Mat.uasset" 235
"../../../../../Users/wjmzb/Documents/Unreal Projects/EpicMGJ21_Zbordek/Content/Blueprints/Buttons/Music_Clean.uasset" 236
"../../../../../Users/wjmzb/Documents/Unreal Projects/EpicMGJ21_Zbordek/Content/Materials/Icons/Vir_Gam.uasset" 237
"../../../../../Users/wjmzb/Documents/Unreal Projects/EpicMGJ21_Zbordek/Content/Materials/Icons/Vir_Gam_Mat.uasset" 238
"../../../../../Users/wjmzb/Documents/Unreal Projects/EpicMGJ21_Zbordek/Content/Blueprints/Buttons/Game_VIR.uasset" 239
"../../../../../Users/wjmzb/Documents/Unreal Projects/EpicMGJ21_Zbordek/Content/Materials/Icons/Nor_Gam.uasset" 240
"../../../../../Users/wjmzb/Documents/Unreal Projects/EpicMGJ21_Zbordek/Content/Materials/Icons/Nor_Gam_Mat.uasset" 241
"../../../../../Users/wjmzb/Documents/Unreal Projects/EpicMGJ21_Zbordek/Content/Blueprints/Buttons/Game_Clean.uasset" 242
"../../../../../Users/wjmzb/Documents/Unreal Projects/EpicMGJ21_Zbordek/Content/Materials/Icons/Vir_Doc.uasset" 243
"../../../../../Users/wjmzb/Documents/Unreal Projects/EpicMGJ21_Zbordek/Content/Materials/Icons/Vir_Doc_Mat.uasset" 244
"../../../../../Users/wjmzb/Documents/Unreal Projects/EpicMGJ21_Zbordek/Content/Materials/Shoot1.uasset" 245
"../../../../../Users/wjmzb/Documents/Unreal Projects/EpicMGJ21_Zbordek/Content/Materials/Shoot1_Mat.uasset" 246
"../../../../../Users/wjmzb/Documents/Unreal Projects/EpicMGJ21_Zbordek/Content/Materials/Shoot0.uasset" 247
"../../../../../Users/wjmzb/Documents/Unreal Projects/EpicMGJ21_Zbordek/Content/Materials/Shoot0_Mat.uasset" 248
"../../../../../Users/wjmzb/Documents/Unreal Projects/EpicMGJ21_Zbordek/Content/Blueprints/Buttons/Documen_VIR_Projectile.uasset" 249
"../../../../../Users/wjmzb/Documents/Unreal Projects/EpicMGJ21_Zbordek/Content/Blueprints/Buttons/Document_VIR.uasset" 250
"../../../../../Users/wjmzb/Documents/Unreal Projects/EpicMGJ21_Zbordek/Content/Materials/Icons/Nor_Doc.uasset" 251
"../../../../../Users/wjmzb/Documents/Unreal Projects/EpicMGJ21_Zbordek/Content/Materials/Icons/Nor_Doc_Mat.uasset" 252
"../../../../../Users/wjmzb/Documents/Unreal Projects/EpicMGJ21_Zbordek/Content/Blueprints/Buttons/Document_Clean.uasset" 253
"../../../../../Users/wjmzb/Documents/Unreal Projects/EpicMGJ21_Zbordek/Content/Blueprints/SpaceEater_GState.uasset" 254
"../../../../../Users/wjmzb/Documents/Unreal Projects/EpicMGJ21_Zbordek/Content/Fonts/ROCC____.uasset" 255
"../../../../../Users/wjmzb/Documents/Unreal Projects/EpicMGJ21_Zbordek/Content/Fonts/ROCC_____Font.uasset" 256
"../../../../../Users/wjmzb/Documents/Unreal Projects/EpicMGJ21_Zbordek/Content/Fonts/ROCCB___.uasset" 257
"../../../../../Users/wjmzb/Documents/Unreal Projects/EpicMGJ21_Zbordek/Content/Fonts/ROCCB____Font.uasset" 258
"../../../../../Users/wjmzb/Documents/Unreal Projects/EpicMGJ21_Zbordek/Content/W_GOver.uasset" 259
"../../../../../Users/wjmzb/Documents/Unreal Projects/EpicMGJ21_Zbordek/Content/Materials/HUD_DiskBG.uasset" 260
"../../../../../Users/wjmzb/Documents/Unreal Projects/EpicMGJ21_Zbordek/Content/Materials/HUD_DiskFILL.uasset" 261
"../../../../../Users/wjmzb/Documents/Unreal Projects/EpicMGJ21_Zbordek/Content/Materials/PointCoin.uasset" 262
"../../../../../Users/wjmzb/Documents/Unreal Projects/EpicMGJ21_Zbordek/Content/Materials/CuteCat.uasset" 263
"../../../../../Users/wjmzb/Documents/Unreal Projects/EpicMGJ21_Zbordek/Content/W_HUD.uasset" 264
"../../../../../Users/wjmzb/Documents/Unreal Projects/EpicMGJ21_Zbordek/Content/Blueprints/SpaceEater_PController.uasset" 265
"../../../../../Users/wjmzb/Documents/Unreal Projects/EpicMGJ21_Zbordek/Content/Blueprints/InGame/GameOver_BP.uasset" 266
"../../../../../Users/wjmzb/Documents/Unreal Projects/EpicMGJ21_Zbordek/Content/Blueprints/SpaceEater_GMode.uasset" 267
"../../../../../Users/wjmzb/Documents/Unreal Projects/EpicMGJ21_Zbordek/Content/Blueprints/HUD/TextRenderActor_Blueprint.uasset" 268
"../../../../../Users/wjmzb/Documents/Unreal Projects/EpicMGJ21_Zbordek/Content/Materials/Icons/Desktop_Games.uasset" 269
"../../../../../Users/wjmzb/Documents/Unreal Projects/EpicMGJ21_Zbordek/Content/Materials/Icons/Desktop_Games_Mat.uasset" 270
"../../../../../Users/wjmzb/Documents/Unreal Projects/EpicMGJ21_Zbordek/Content/Blueprints/Buttons/Desktop_Games.uasset" 271
"../../../../../Users/wjmzb/Documents/Unreal Projects/EpicMGJ21_Zbordek/Content/Materials/Icons/Desktop_UserFiles.uasset" 272
"../../../../../Users/wjmzb/Documents/Unreal Projects/EpicMGJ21_Zbordek/Content/Materials/Icons/Desktop_UserFiles_Mat.uasset" 273
"../../../../../Users/wjmzb/Documents/Unreal Projects/EpicMGJ21_Zbordek/Content/Blueprints/Buttons/Desktop_UserFiles.uasset" 274
"../../../../../Users/wjmzb/Documents/Unreal Projects/EpicMGJ21_Zbordek/Content/Materials/Icons/RecycleBin.uasset" 275
"../../../../../Users/wjmzb/Documents/Unreal Projects/EpicMGJ21_Zbordek/Content/Materials/Icons/RecycleBin_Mat.uasset" 276
"../../../../../Users/wjmzb/Documents/Unreal Projects/EpicMGJ21_Zbordek/Content/Blueprints/Buttons/Desktop_RecycleBin.uasset" 277
"../../../../../Users/wjmzb/Documents/Unreal Projects/EpicMGJ21_Zbordek/Content/Maps/Level.umap" 278
"../../../../../Users/wjmzb/Documents/Unreal Projects/EpicMGJ21_Zbordek/Content/Materials/ZZTex_Logo.uasset" 279
"../../../../../Users/wjmzb/Documents/Unreal Projects/EpicMGJ21_Zbordek/Content/Materials/Logo.uasset" 280
"../../../../../Users/wjmzb/Documents/Unreal Projects/EpicMGJ21_Zbordek/Content/Materials/ZZTex_HUD_Main.uasset" 281
"../../../../../Users/wjmzb/Documents/Unreal Projects/EpicMGJ21_Zbordek/Content/Materials/Hud_Main_Mat.uasset" 282
"../../../../../Users/wjmzb/Documents/Unreal Projects/EpicMGJ21_Zbordek/Content/Maps/Menu_BuiltData.uasset" 283
"../../../../../Users/wjmzb/Documents/Unreal Projects/EpicMGJ21_Zbordek/Content/Blueprints/SpaceEater_MenuMode.uasset" 284
"../../../../../Users/wjmzb/Documents/Unreal Projects/EpicMGJ21_Zbordek/Content/Blueprints/HUD/MainMenu_Settings_Blueprint.uasset" 285
"../../../../../Users/wjmzb/Documents/Unreal Projects/EpicMGJ21_Zbordek/Content/Blueprints/HUD/MainMenu_Quit_Blueprint.uasset" 286
"../../../../../Users/wjmzb/Documents/Unreal Projects/EpicMGJ21_Zbordek/Content/Audios/Intro.uasset" 287
"../../../../../Users/wjmzb/Documents/Unreal Projects/EpicMGJ21_Zbordek/Content/Audios/Intro2.uasset" 288
"../../../../../Users/wjmzb/Documents/Unreal Projects/EpicMGJ21_Zbordek/Content/Materials/SpaceEaterFace1.uasset" 289
"../../../../../Users/wjmzb/Documents/Unreal Projects/EpicMGJ21_Zbordek/Content/Materials/SpaceEaterFace2.uasset" 290
"../../../../../Users/wjmzb/Documents/Unreal Projects/EpicMGJ21_Zbordek/Content/W_Intro.uasset" 291
"../../../../../Users/wjmzb/Documents/Unreal Projects/EpicMGJ21_Zbordek/Content/Materials/Icons/Start_Game.uasset" 292
"../../../../../Users/wjmzb/Documents/Unreal Projects/EpicMGJ21_Zbordek/Content/Materials/Icons/Start_Game_Mat.uasset" 293
"../../../../../Users/wjmzb/Documents/Unreal Projects/EpicMGJ21_Zbordek/Content/Blueprints/Buttons/AMenu_StartGame.uasset" 294
"../../../../../Users/wjmzb/Documents/Unreal Projects/EpicMGJ21_Zbordek/Content/Maps/Menu.umap" 295
"../../../../../Users/wjmzb/Documents/Unreal Projects/EpicMGJ21_Zbordek/Content/Maps/Settings_BuiltData.uasset" 296
"../../../../../Users/wjmzb/Documents/Unreal Projects/EpicMGJ21_Zbordek/Content/Materials/Backgrounds/ZZTEX_ZbordekOS_Settings.uasset" 297
"../../../../../Users/wjmzb/Documents/Unreal Projects/EpicMGJ21_Zbordek/Content/Materials/Backgrounds/ZbordekOS_Settings_Mat.uasset" 298
"../../../../../Users/wjmzb/Documents/Unreal Projects/EpicMGJ21_Zbordek/Content/Blueprints/InGame/SettingsBG_Blueprint.uasset" 299
"../../../../../Users/wjmzb/Documents/Unreal Projects/EpicMGJ21_Zbordek/Content/Materials/ZZTEX_Cross.uasset" 300
"../../../../../Users/wjmzb/Documents/Unreal Projects/EpicMGJ21_Zbordek/Content/Materials/Cross_Mat.uasset" 301
"../../../../../Users/wjmzb/Documents/Unreal Projects/EpicMGJ21_Zbordek/Content/Blueprints/HUD/SoundsCross.uasset" 302
"../../../../../Users/wjmzb/Documents/Unreal Projects/EpicMGJ21_Zbordek/Content/Blueprints/HUD/BGMusicCross.uasset" 303
"../../../../../Users/wjmzb/Documents/Unreal Projects/EpicMGJ21_Zbordek/Content/Blueprints/Settings/AcceptButton_Blueprint.uasset" 304
"../../../../../Users/wjmzb/Documents/Unreal Projects/EpicMGJ21_Zbordek/Content/Maps/Settings.umap" 305
"../../../Engine/Content/Maps/Entry_BuiltData.uasset" 306
"../../../Engine/Content/Maps/Entry.umap" 307
